This is pdfTeX, Version 3.141592653-2.6-1.40.24 (MiKTeX 22.10) (preloaded format=pdflatex 2022.11.22)  7 JUN 2023 18:17
entering extended mode
 restricted \write18 enabled.
 %&-line parsing enabled.
**./GuidaDiAnalitica.tex
(GuidaDiAnalitica.tex
LaTeX2e <2022-11-01>
L3 programming layer <2022-11-02>
(C:\Users\faber\AppData\Local\Programs\MiKTeX\tex/latex/base\book.cls
Document Class: book 2022/07/02 v1.4n Standard LaTeX document class
(C:\Users\faber\AppData\Local\Programs\MiKTeX\tex/latex/base\bk12.clo
File: bk12.clo 2022/07/02 v1.4n Standard LaTeX file (size option)
)
\c@part=\count185
\c@chapter=\count186
\c@section=\count187
\c@subsection=\count188
\c@subsubsection=\count189
\c@paragraph=\count190
\c@subparagraph=\count191
\c@figure=\count192
\c@table=\count193
\abovecaptionskip=\skip47
\belowcaptionskip=\skip48
\bibindent=\dimen140
)
(C:\Users\faber\AppData\Local\Programs\MiKTeX\tex/generic/babel\babel.sty
Package: babel 2022/10/23 3.82 The Babel package
\babel@savecnt=\count194
\U@D=\dimen141
\l@unhyphenated=\language79

(C:\Users\faber\AppData\Local\Programs\MiKTeX\tex/generic/babel\txtbabel.def)
\bbl@readstream=\read2
\bbl@dirlevel=\count195

*************************************
* Local config file bblopts.cfg used
*
(C:\Users\faber\AppData\Local\Programs\MiKTeX\tex/latex/arabi\bblopts.cfg
File: bblopts.cfg 2005/09/08 v0.1 add Arabic and Farsi to "declared" options of
 babel
)
(C:\Users\faber\AppData\Local\Programs\MiKTeX\tex/latex/babel-italian\italian.l
df
Language: italian 2022/03/27 v.1.4.07 Italian support for the babel system
\it@lettering=\count196
\it@doublequoteactive=\count197
\it@ISOcompliance=\count198
))
(C:\Users\faber\AppData\Local\Programs\MiKTeX\tex/generic/babel/locale/it\babel
-italian.tex
Package babel Info: Importing font and identification data for italian
(babel)             from babel-it.ini. Reported on input line 11.
)
(C:\Users\faber\AppData\Local\Programs\MiKTeX\tex/latex/etoolbox\etoolbox.sty
Package: etoolbox 2020/10/05 v2.5k e-TeX tools for LaTeX (JAW)
\etb@tempcnta=\count199
)
(C:\Users\faber\AppData\Local\Programs\MiKTeX\tex/latex/amsmath\amsmath.sty
Package: amsmath 2022/04/08 v2.17n AMS math features
\@mathmargin=\skip49

For additional information on amsmath, use the `?' option.
(C:\Users\faber\AppData\Local\Programs\MiKTeX\tex/latex/amsmath\amstext.sty
Package: amstext 2021/08/26 v2.01 AMS text

(C:\Users\faber\AppData\Local\Programs\MiKTeX\tex/latex/amsmath\amsgen.sty
File: amsgen.sty 1999/11/30 v2.0 generic functions
\@emptytoks=\toks16
\ex@=\dimen142
))
(C:\Users\faber\AppData\Local\Programs\MiKTeX\tex/latex/amsmath\amsbsy.sty
Package: amsbsy 1999/11/29 v1.2d Bold Symbols
\pmbraise@=\dimen143
)
(C:\Users\faber\AppData\Local\Programs\MiKTeX\tex/latex/amsmath\amsopn.sty
Package: amsopn 2022/04/08 v2.04 operator names
)
\inf@bad=\count266
LaTeX Info: Redefining \frac on input line 234.
\uproot@=\count267
\leftroot@=\count268
LaTeX Info: Redefining \overline on input line 399.
LaTeX Info: Redefining \colon on input line 410.
\classnum@=\count269
\DOTSCASE@=\count270
LaTeX Info: Redefining \ldots on input line 496.
LaTeX Info: Redefining \dots on input line 499.
LaTeX Info: Redefining \cdots on input line 620.
\Mathstrutbox@=\box51
\strutbox@=\box52
LaTeX Info: Redefining \big on input line 722.
LaTeX Info: Redefining \Big on input line 723.
LaTeX Info: Redefining \bigg on input line 724.
LaTeX Info: Redefining \Bigg on input line 725.
\big@size=\dimen144
LaTeX Font Info:    Redeclaring font encoding OML on input line 743.
LaTeX Font Info:    Redeclaring font encoding OMS on input line 744.
\macc@depth=\count271
LaTeX Info: Redefining \bmod on input line 905.
LaTeX Info: Redefining \pmod on input line 910.
LaTeX Info: Redefining \smash on input line 940.
LaTeX Info: Redefining \relbar on input line 970.
LaTeX Info: Redefining \Relbar on input line 971.
\c@MaxMatrixCols=\count272
\dotsspace@=\muskip16
\c@parentequation=\count273
\dspbrk@lvl=\count274
\tag@help=\toks17
\row@=\count275
\column@=\count276
\maxfields@=\count277
\andhelp@=\toks18
\eqnshift@=\dimen145
\alignsep@=\dimen146
\tagshift@=\dimen147
\tagwidth@=\dimen148
\totwidth@=\dimen149
\lineht@=\dimen150
\@envbody=\toks19
\multlinegap=\skip50
\multlinetaggap=\skip51
\mathdisplay@stack=\toks20
LaTeX Info: Redefining \[ on input line 2953.
LaTeX Info: Redefining \] on input line 2954.
)
(C:\Users\faber\AppData\Local\Programs\MiKTeX\tex/latex/amsfonts\amsfonts.sty
Package: amsfonts 2013/01/14 v3.01 Basic AMSFonts support
\symAMSa=\mathgroup4
\symAMSb=\mathgroup5
LaTeX Font Info:    Redeclaring math symbol \hbar on input line 98.
LaTeX Font Info:    Overwriting math alphabet `\mathfrak' in version `bold'
(Font)                  U/euf/m/n --> U/euf/b/n on input line 106.
)
(C:\Users\faber\AppData\Local\Programs\MiKTeX\tex/latex/cancel\cancel.sty
Package: cancel 2013/04/12 v2.2 Cancel math terms
)
(C:\Users\faber\AppData\Local\Programs\MiKTeX\tex/latex/amsfonts\amssymb.sty
Package: amssymb 2013/01/14 v3.01 AMS font symbols
)
(C:\Users\faber\AppData\Local\Programs\MiKTeX\tex/latex/graphics\graphicx.sty
Package: graphicx 2021/09/16 v1.2d Enhanced LaTeX Graphics (DPC,SPQR)

(C:\Users\faber\AppData\Local\Programs\MiKTeX\tex/latex/graphics\keyval.sty
Package: keyval 2022/05/29 v1.15 key=value parser (DPC)
\KV@toks@=\toks21
)
(C:\Users\faber\AppData\Local\Programs\MiKTeX\tex/latex/graphics\graphics.sty
Package: graphics 2022/03/10 v1.4e Standard LaTeX Graphics (DPC,SPQR)

(C:\Users\faber\AppData\Local\Programs\MiKTeX\tex/latex/graphics\trig.sty
Package: trig 2021/08/11 v1.11 sin cos tan (DPC)
)
(C:\Users\faber\AppData\Local\Programs\MiKTeX\tex/latex/graphics-cfg\graphics.c
fg
File: graphics.cfg 2016/06/04 v1.11 sample graphics configuration
)
Package graphics Info: Driver file: pdftex.def on input line 107.

(C:\Users\faber\AppData\Local\Programs\MiKTeX\tex/latex/graphics-def\pdftex.def
File: pdftex.def 2022/09/22 v1.2b Graphics/color driver for pdftex
))
\Gin@req@height=\dimen151
\Gin@req@width=\dimen152
)
(C:\Users\faber\AppData\Local\Programs\MiKTeX\tex/latex/listings\listings.sty
\lst@mode=\count278
\lst@gtempboxa=\box53
\lst@token=\toks22
\lst@length=\count279
\lst@currlwidth=\dimen153
\lst@column=\count280
\lst@pos=\count281
\lst@lostspace=\dimen154
\lst@width=\dimen155
\lst@newlines=\count282
\lst@lineno=\count283
\lst@maxwidth=\dimen156

(C:\Users\faber\AppData\Local\Programs\MiKTeX\tex/latex/listings\lstmisc.sty
File: lstmisc.sty 2020/03/24 1.8d (Carsten Heinz)
\c@lstnumber=\count284
\lst@skipnumbers=\count285
\lst@framebox=\box54
)
(C:\Users\faber\AppData\Local\Programs\MiKTeX\tex/latex/listings\listings.cfg
File: listings.cfg 2020/03/24 1.8d listings configuration
))
Package: listings 2020/03/24 1.8d (Carsten Heinz)
(C:\Users\faber\AppData\Local\Programs\MiKTeX\tex/latex/xcolor\xcolor.sty
Package: xcolor 2022/06/12 v2.14 LaTeX color extensions (UK)

(C:\Users\faber\AppData\Local\Programs\MiKTeX\tex/latex/graphics-cfg\color.cfg
File: color.cfg 2016/01/02 v1.6 sample color configuration
)
Package xcolor Info: Driver file: pdftex.def on input line 227.
(C:\Users\faber\AppData\Local\Programs\MiKTeX\tex/latex/graphics\mathcolor.ltx)
Package xcolor Info: Model `cmy' substituted by `cmy0' on input line 1353.
Package xcolor Info: Model `hsb' substituted by `rgb' on input line 1357.
Package xcolor Info: Model `RGB' extended on input line 1369.
Package xcolor Info: Model `HTML' substituted by `rgb' on input line 1371.
Package xcolor Info: Model `Hsb' substituted by `hsb' on input line 1372.
Package xcolor Info: Model `tHsb' substituted by `hsb' on input line 1373.
Package xcolor Info: Model `HSB' substituted by `hsb' on input line 1374.
Package xcolor Info: Model `Gray' substituted by `gray' on input line 1375.
Package xcolor Info: Model `wave' substituted by `hsb' on input line 1376.
) (C:\Users\faber\AppData\Local\Programs\MiKTeX\tex/latex/commath\commath.sty
(C:\Users\faber\AppData\Local\Programs\MiKTeX\tex/latex/base\ifthen.sty
Package: ifthen 2022/04/13 v1.1d Standard LaTeX ifthen package (DPC)
))
(C:\Users\faber\AppData\Local\Programs\MiKTeX\tex/latex/float\float.sty
Package: float 2001/11/08 v1.3d Float enhancements (AL)
\c@float@type=\count286
\float@exts=\toks23
\float@box=\box55
\@float@everytoks=\toks24
\@floatcapt=\box56
)
(C:\Users\faber\AppData\Local\Programs\MiKTeX\tex/latex/tools\multicol.sty
Package: multicol 2021/11/30 v1.9d multicolumn formatting (FMi)
\c@tracingmulticols=\count287
\mult@box=\box57
\multicol@leftmargin=\dimen157
\c@unbalance=\count288
\c@collectmore=\count289
\doublecol@number=\count290
\multicoltolerance=\count291
\multicolpretolerance=\count292
\full@width=\dimen158
\page@free=\dimen159
\premulticols=\dimen160
\postmulticols=\dimen161
\multicolsep=\skip52
\multicolbaselineskip=\skip53
\partial@page=\box58
\last@line=\box59
\maxbalancingoverflow=\dimen162
\mult@rightbox=\box60
\mult@grightbox=\box61
\mult@firstbox=\box62
\mult@gfirstbox=\box63
\@tempa=\box64
\@tempa=\box65
\@tempa=\box66
\@tempa=\box67
\@tempa=\box68
\@tempa=\box69
\@tempa=\box70
\@tempa=\box71
\@tempa=\box72
\@tempa=\box73
\@tempa=\box74
\@tempa=\box75
\@tempa=\box76
\@tempa=\box77
\@tempa=\box78
\@tempa=\box79
\@tempa=\box80
\@tempa=\box81
\@tempa=\box82
\@tempa=\box83
\@tempa=\box84
\@tempa=\box85
\@tempa=\box86
\@tempa=\box87
\@tempa=\box88
\@tempa=\box89
\@tempa=\box90
\@tempa=\box91
\@tempa=\box92
\@tempa=\box93
\@tempa=\box94
\@tempa=\box95
\@tempa=\box96
\@tempa=\box97
\@tempa=\box98
\@tempa=\box99
\c@minrows=\count293
\c@columnbadness=\count294
\c@finalcolumnbadness=\count295
\last@try=\dimen163
\multicolovershoot=\dimen164
\multicolundershoot=\dimen165
\mult@nat@firstbox=\box100
\colbreak@box=\box101
\mc@col@check@num=\count296
)
(C:\Users\faber\AppData\Local\Programs\MiKTeX\tex/latex/l3backend\l3backend-pdf
tex.def
File: l3backend-pdftex.def 2022-10-26 L3 backend support: PDF output (pdfTeX)
\l__color_backend_stack_int=\count297
\l__pdf_internal_box=\box102
) (GuidaDiAnalitica.aux)
\openout1 = `GuidaDiAnalitica.aux'.

LaTeX Font Info:    Checking defaults for OML/cmm/m/it on input line 23.
LaTeX Font Info:    ... okay on input line 23.
LaTeX Font Info:    Checking defaults for OMS/cmsy/m/n on input line 23.
LaTeX Font Info:    ... okay on input line 23.
LaTeX Font Info:    Checking defaults for OT1/cmr/m/n on input line 23.
LaTeX Font Info:    ... okay on input line 23.
LaTeX Font Info:    Checking defaults for T1/cmr/m/n on input line 23.
LaTeX Font Info:    ... okay on input line 23.
LaTeX Font Info:    Checking defaults for TS1/cmr/m/n on input line 23.
LaTeX Font Info:    ... okay on input line 23.
LaTeX Font Info:    Checking defaults for OMX/cmex/m/n on input line 23.
LaTeX Font Info:    ... okay on input line 23.
LaTeX Font Info:    Checking defaults for U/cmr/m/n on input line 23.
LaTeX Font Info:    ... okay on input line 23.
LaTeX Info: Redefining \it@ocap on input line 23.
LaTeX Info: Redefining \it@ccap on input line 23.


File italian.ldf warning: 
italian.ldf    With OT1 encoding guillemets are poorly faked
italian.ldf    Use T1 encoding
italian.ldf    or specify a font with command \CaporaliFrom
italian.ldf    See the documentation concerning the babel-italian typesetting 
italian.ldf    on input line 23.


(C:\Users\faber\AppData\Local\Programs\MiKTeX\tex/context/base/mkii\supp-pdf.mk
ii
[Loading MPS to PDF converter (version 2006.09.02).]
\scratchcounter=\count298
\scratchdimen=\dimen166
\scratchbox=\box103
\nofMPsegments=\count299
\nofMParguments=\count300
\everyMPshowfont=\toks25
\MPscratchCnt=\count301
\MPscratchDim=\dimen167
\MPnumerator=\count302
\makeMPintoPDFobject=\count303
\everyMPtoPDFconversion=\toks26
)
(C:\Users\faber\AppData\Local\Programs\MiKTeX\tex/latex/epstopdf-pkg\epstopdf-b
ase.sty
Package: epstopdf-base 2020-01-24 v2.11 Base part for package epstopdf
Package epstopdf-base Info: Redefining graphics rule for `.eps' on input line 4
85.

(C:\Users\faber\AppData\Local\Programs\MiKTeX\tex/latex/00miktex\epstopdf-sys.c
fg
File: epstopdf-sys.cfg 2021/03/18 v2.0 Configuration of epstopdf for MiKTeX
))
\c@lstlisting=\count304
LaTeX Font Info:    Trying to load font information for U+msa on input line 24.

 (C:\Users\faber\AppData\Local\Programs\MiKTeX\tex/latex/amsfonts\umsa.fd
File: umsa.fd 2013/01/14 v3.01 AMS symbols A
)
LaTeX Font Info:    Trying to load font information for U+msb on input line 24.


(C:\Users\faber\AppData\Local\Programs\MiKTeX\tex/latex/amsfonts\umsb.fd
File: umsb.fd 2013/01/14 v3.01 AMS symbols B
)
[1


{C:/Users/faber/AppData/Local/MiKTeX/fonts/map/pdftex/pdftex.map}] [2

]
(GuidaDiAnalitica.toc [3])
\tf@toc=\write3
\openout3 = `GuidaDiAnalitica.toc'.

 [4]
Capitolo 1.

Underfull \hbox (badness 10000) in paragraph at lines 47--49

 []

[5

] [6]
Overfull \hbox (210.76688pt too wide) has occurred while \output is active
\OT1/cmr/m/sl/12 1.5.  RETTA PERPENDICOLARE E RETTA PARALLELA A RETTA DATA PASS
ANTI PER UN PUNTO DATO \OT1/cmr/m/n/12 7
 []

[7] [8]
Overfull \hbox (29.76263pt too wide) detected at line 121
\OML/cmm/m/it/12 x \OMS/cmsy/m/n/12 ^^A [] \OT1/cmr/m/n/12 + [] \OMS/cmsy/m/n/1
2 ^^@ [] \OT1/cmr/m/n/12 = \OML/cmm/m/it/12 y \OMS/cmsy/m/n/12 ^^A []
 []


Overfull \hbox (78.53716pt too wide) detected at line 126
\OML/cmm/m/it/12 x \OMS/cmsy/m/n/12 ^^A [] \OT1/cmr/m/n/12 + [] = \OML/cmm/m/it
/12 y \OMS/cmsy/m/n/12 ^^A []
 []


Overfull \hbox (96.28694pt too wide) detected at line 145
\OML/cmm/m/it/12 x \OMS/cmsy/m/n/12 ^^A [] \OT1/cmr/m/n/12 + [] = \OML/cmm/m/it
/12 y \OMS/cmsy/m/n/12 ^^A []
 []

[9] [10

]
Capitolo 2.

Overfull \hbox (2.67528pt too wide) detected at line 187
[]
 []

[11]
Overfull \hbox (87.66122pt too wide) detected at line 201
[]
 []


Overfull \hbox (10.67693pt too wide) detected at line 219
[]
 []


Overfull \hbox (88.92711pt too wide) detected at line 233
[]
 []

[12]
Overfull \hbox (136.2746pt too wide) detected at line 259
[] \OT1/cmr/m/n/12 + [] + 2 [] \OMS/cmsy/m/n/12 ^^A [] \OT1/cmr/m/n/12 = [] \OM
S/cmsy/m/n/12 ^^A []
 []


Overfull \hbox (94.99217pt too wide) detected at line 261
[] \OT1/cmr/m/n/12 + [] \OMS/cmsy/m/n/12 ^^@ [] \OT1/cmr/m/n/12 + \OML/cmm/m/it
/12 y[] \OT1/cmr/m/n/12 + \OML/cmm/m/it/12 m[]x[] \OMS/cmsy/m/n/12 ^^@ \OT1/cmr
/m/n/12 2\OML/cmm/m/it/12 mx[]y[] \OT1/cmr/m/n/12 + \OML/cmm/m/it/12 by[] \OMS/
cmsy/m/n/12 ^^@ \OML/cmm/m/it/12 mbx[] \OMS/cmsy/m/n/12 ^^@ \OML/cmm/m/it/12 ma
y[] \OT1/cmr/m/n/12 + \OML/cmm/m/it/12 m[]ax[] \OT1/cmr/m/n/12 = [][] \OMS/cmsy
/m/n/12 ^^@ \OML/cmm/m/it/12 c \OT1/cmr/m/n/12 + \OML/cmm/m/it/12 m[] []
 []


Overfull \hbox (5.88417pt too wide) detected at line 263
\OML/cmm/m/it/12 m[] [] \OT1/cmr/m/n/12 + \OML/cmm/m/it/12 m [] \OT1/cmr/m/n/12
 + \OML/cmm/m/it/12 y[] \OT1/cmr/m/n/12 + \OML/cmm/m/it/12 by[] \OT1/cmr/m/n/12
 + \OML/cmm/m/it/12 c \OMS/cmsy/m/n/12 ^^@ [] \OT1/cmr/m/n/12 = 0
 []


Overfull \hbox (150.57132pt too wide) has occurred while \output is active
\OT1/cmr/m/sl/12 2.2.  RETTA TANGENTE AD UNA CIRCONFERENZA PASSANTE PER UN PUNT
O ASSEGNATO \OT1/cmr/m/n/12 13
 []

[13] [14] [15] [16]
Capitolo 3.
[17

] [18] [19]
Underfull \hbox (badness 10000) in paragraph at lines 452--455

 []

[20] [21] [22] [23] [24

]
Capitolo 4.

Underfull \hbox (badness 10000) in paragraph at lines 524--557

 []


Underfull \hbox (badness 10000) in paragraph at lines 524--557

 []


Underfull \hbox (badness 10000) in paragraph at lines 524--557

 []


Underfull \hbox (badness 10000) in paragraph at lines 524--557

 []


Underfull \hbox (badness 10000) in paragraph at lines 524--557

 []


Underfull \hbox (badness 10000) in paragraph at lines 524--557

 []


Underfull \hbox (badness 10000) in paragraph at lines 524--557

 []


Overfull \hbox (11.85677pt too wide) in paragraph at lines 524--557
[]$ 
 []


Underfull \hbox (badness 10000) in paragraph at lines 524--557

 []


Underfull \hbox (badness 10000) in paragraph at lines 524--557

 []

[25] [26]
Capitolo 5.
[27

] [28]
Capitolo 6.

Underfull \hbox (badness 10000) in paragraph at lines 615--620

 []


Underfull \hbox (badness 10000) in paragraph at lines 634--640

 []


Underfull \hbox (badness 10000) in paragraph at lines 634--640

 []

[29

]
Underfull \hbox (badness 10000) in paragraph at lines 650--655

 []


Underfull \hbox (badness 10000) in paragraph at lines 657--669

 []


Underfull \hbox (badness 10000) in paragraph at lines 657--669

 []


Underfull \hbox (badness 10000) in paragraph at lines 657--669

 []


Underfull \hbox (badness 10000) in paragraph at lines 657--669

 []


Underfull \hbox (badness 10000) in paragraph at lines 669--671

 []

[30]
Underfull \hbox (badness 10000) in paragraph at lines 671--673

 []


Underfull \hbox (badness 10000) in paragraph at lines 673--675

 []


Underfull \hbox (badness 10000) in paragraph at lines 675--677

 []


Underfull \hbox (badness 10000) in paragraph at lines 677--679

 []


Underfull \hbox (badness 10000) in paragraph at lines 679--684

 []


Underfull \hbox (badness 10000) in paragraph at lines 679--684

 []


Underfull \hbox (badness 10000) in paragraph at lines 684--686

 []


Underfull \hbox (badness 10000) in paragraph at lines 686--688

 []


Underfull \hbox (badness 10000) in paragraph at lines 688--690

 []


Underfull \hbox (badness 10000) in paragraph at lines 690--692

 []


Underfull \hbox (badness 10000) in paragraph at lines 692--694

 []


Underfull \hbox (badness 10000) in paragraph at lines 694--698

 []

[31]
Underfull \hbox (badness 10000) in paragraph at lines 701--705

 []


Underfull \hbox (badness 10000) in paragraph at lines 705--707

 []


Underfull \hbox (badness 10000) in paragraph at lines 707--709

 []


Underfull \hbox (badness 10000) in paragraph at lines 711--713

 []


Underfull \hbox (badness 10000) in paragraph at lines 713--715

 []


Underfull \hbox (badness 10000) in paragraph at lines 715--717

 []


Underfull \hbox (badness 10000) in paragraph at lines 717--719

 []


Underfull \hbox (badness 10000) in paragraph at lines 721--726

 []


Underfull \hbox (badness 10000) in paragraph at lines 721--726

 []

[32] [33] (GuidaDiAnalitica.aux) ) 
Here is how much of TeX's memory you used:
 6240 strings out of 475285
 94321 string characters out of 2774119
 476871 words of memory out of 3000000
 27653 multiletter control sequences out of 15000+600000
 479014 words of font info for 65 fonts, out of 8000000 for 9000
 1141 hyphenation exceptions out of 8191
 55i,19n,62p,347b,270s stack positions out of 10000i,1000n,20000p,200000b,80000s
 <C:\Users\faber\AppData\Local\MiKTeX\fonts/p
k/ljfour/jknappen/ec/dpi600\tcrm1440.pk><C:/Users/faber/AppData/Local/Programs/
MiKTeX/fonts/type1/public/amsfonts/cm/cmbx12.pfb><C:/Users/faber/AppData/Local/
Programs/MiKTeX/fonts/type1/public/amsfonts/cm/cmex10.pfb><C:/Users/faber/AppDa
ta/Local/Programs/MiKTeX/fonts/type1/public/amsfonts/cm/cmmi12.pfb><C:/Users/fa
ber/AppData/Local/Programs/MiKTeX/fonts/type1/public/amsfonts/cm/cmmi6.pfb><C:/
Users/faber/AppData/Local/Programs/MiKTeX/fonts/type1/public/amsfonts/cm/cmmi8.
pfb><C:/Users/faber/AppData/Local/Programs/MiKTeX/fonts/type1/public/amsfonts/c
m/cmr12.pfb><C:/Users/faber/AppData/Local/Programs/MiKTeX/fonts/type1/public/am
sfonts/cm/cmr17.pfb><C:/Users/faber/AppData/Local/Programs/MiKTeX/fonts/type1/p
ublic/amsfonts/cm/cmr6.pfb><C:/Users/faber/AppData/Local/Programs/MiKTeX/fonts/
type1/public/amsfonts/cm/cmr8.pfb><C:/Users/faber/AppData/Local/Programs/MiKTeX
/fonts/type1/public/amsfonts/cm/cmsl12.pfb><C:/Users/faber/AppData/Local/Progra
ms/MiKTeX/fonts/type1/public/amsfonts/cm/cmsy10.pfb><C:/Users/faber/AppData/Loc
al/Programs/MiKTeX/fonts/type1/public/amsfonts/cm/cmsy8.pfb><C:/Users/faber/App
Data/Local/Programs/MiKTeX/fonts/type1/public/amsfonts/latxfont/line10.pfb>
Output written on GuidaDiAnalitica.pdf (33 pages, 212513 bytes).
PDF statistics:
 178 PDF objects out of 1000 (max. 8388607)
 0 named destinations out of 1000 (max. 500000)
 1 words of extra memory for PDF output out of 10000 (max. 10000000)

