\BOOKMARK [0][-]{chapter.1}{\376\377\000I\000n\000t\000r\000o\000d\000u\000z\000i\000o\000n\000e}{}% 1
\BOOKMARK [1][-]{section.1.1}{\376\377\000C\000o\000s\000'\000\350\000\040\000L\000a\000T\000e\000X}{chapter.1}% 2
\BOOKMARK [1][-]{section.1.2}{\376\377\000D\000o\000v\000e\000\040\000e\000\040\000p\000e\000r\000c\000h\000\350\000\040\000v\000i\000e\000n\000e\000\040\000u\000s\000a\000t\000o\000\040\000L\000a\000T\000e\000X}{chapter.1}% 3
\BOOKMARK [1][-]{section.1.3}{\376\377\000D\000o\000v\000e\000\040\000s\000c\000a\000r\000i\000c\000a\000r\000e\000\040\000L\000a\000T\000e\000X}{chapter.1}% 4
\BOOKMARK [1][-]{section.1.4}{\376\377\000C\000o\000m\000e\000\040\000i\000n\000s\000t\000a\000l\000l\000a\000r\000e\000\040\000L\000a\000T\000e\000X}{chapter.1}% 5
\BOOKMARK [0][-]{chapter.2}{\376\377\000L\000'\000i\000n\000t\000e\000r\000f\000a\000c\000c\000i\000a\000\040\000d\000i\000\040\000T\000e\000X\000s\000t\000u\000d\000i\000o}{}% 6
\BOOKMARK [1][-]{section.2.1}{\376\377\000I\000\040\000p\000a\000n\000n\000e\000l\000l\000i}{chapter.2}% 7
\BOOKMARK [1][-]{section.2.2}{\376\377\000I\000l\000\040\000p\000a\000n\000n\000e\000l\000l\000o\000\040\000d\000i\000\040\000t\000e\000s\000t\000o}{chapter.2}% 8
\BOOKMARK [1][-]{section.2.3}{\376\377\000I\000l\000\040\000p\000a\000n\000n\000e\000l\000l\000o\000\040\000d\000i\000\040\000o\000u\000t\000p\000u\000t}{chapter.2}% 9
\BOOKMARK [1][-]{section.2.4}{\376\377\000A\000t\000t\000r\000e\000z\000z\000i\000\040\000e\000\040\000S\000c\000o\000r\000c\000i\000a\000t\000o\000i\000e}{chapter.2}% 10
\BOOKMARK [0][-]{chapter.3}{\376\377\000C\000r\000e\000a\000r\000e\000\040\000u\000n\000\040\000n\000u\000o\000v\000o\000\040\000d\000o\000c\000u\000m\000e\000n\000t\000o}{}% 11
\BOOKMARK [0][-]{chapter.4}{\376\377\000L\000e\000\040\000p\000a\000r\000t\000i\000\040\000p\000r\000i\000n\000c\000i\000p\000a\000l\000i\000\040\000d\000i\000\040\000u\000n\000\040\000d\000o\000c\000u\000m\000e\000n\000t\000o}{}% 12
\BOOKMARK [1][-]{section.4.1}{\376\377\000L\000a\000\040\000s\000e\000l\000e\000z\000i\000o\000n\000e\000\040\000d\000e\000i\000\040\000p\000a\000c\000c\000h\000e\000t\000t\000i}{chapter.4}% 13
\BOOKMARK [2][-]{subsection.4.1.1}{\376\377\000D\000o\000c\000u\000m\000e\000n\000t\000C\000l\000a\000s\000s}{section.4.1}% 14
\BOOKMARK [0][-]{chapter.5}{\376\377\000O\000r\000g\000a\000n\000i\000z\000z\000a\000r\000e\000\040\000u\000n\000\040\000d\000o\000c\000u\000m\000e\000n\000t\000o}{}% 15
\BOOKMARK [1][-]{section.5.1}{\376\377\000T\000i\000t\000o\000l\000o}{chapter.5}% 16
\BOOKMARK [1][-]{section.5.2}{\376\377\000C\000a\000p\000i\000t\000o\000l\000i\000,\000\040\000S\000e\000z\000i\000o\000n\000i\000\040\000e\000\040\000P\000a\000r\000a\000g\000r\000a\000f\000i}{chapter.5}% 17
\BOOKMARK [1][-]{section.5.3}{\376\377\000F\000o\000r\000m\000a\000t\000t\000a\000z\000i\000o\000n\000e\000\040\000i\000n\000\040\000p\000i\000\371\000\040\000c\000o\000l\000o\000n\000n\000e}{chapter.5}% 18
\BOOKMARK [1][-]{section.5.4}{\376\377\000E\000l\000e\000n\000c\000h\000i\000\040\000p\000u\000n\000t\000a\000t\000i\000,\000\040\000n\000u\000m\000e\000r\000a\000t\000i\000\040\000e\000\040\000p\000e\000r\000s\000o\000n\000a\000l\000i\000z\000z\000a\000t\000i}{chapter.5}% 19
\BOOKMARK [2][-]{subsection.5.4.1}{\376\377\000E\000l\000e\000n\000c\000h\000i\000\040\000p\000u\000n\000t\000a\000t\000i}{section.5.4}% 20
\BOOKMARK [2][-]{subsection.5.4.2}{\376\377\000E\000l\000e\000n\000c\000h\000i\000\040\000n\000u\000m\000e\000r\000a\000t\000i}{section.5.4}% 21
\BOOKMARK [2][-]{subsection.5.4.3}{\376\377\000E\000l\000e\000n\000c\000h\000i\000\040\000p\000e\000r\000s\000o\000n\000a\000l\000i\000z\000z\000a\000t\000i}{section.5.4}% 22
\BOOKMARK [0][-]{chapter.6}{\376\377\000L\000e\000\040\000f\000o\000r\000m\000u\000l\000e\000\040\000m\000a\000t\000e\000m\000a\000t\000i\000c\000h\000e}{}% 23
\BOOKMARK [1][-]{section.6.1}{\376\377\000I\000n\000i\000z\000i\000a\000l\000i\000z\000z\000a\000r\000e\000\040\000u\000n\000a\000\040\000f\000o\000r\000m\000u\000l\000a\000\040\000m\000a\000t\000e\000m\000a\000t\000i\000c\000a}{chapter.6}% 24
\BOOKMARK [2][-]{subsection.6.1.1}{\376\377\000I\000n\000s\000e\000r\000i\000r\000e\000\040\000M\000o\000d\000a\000l\000i\000t\000\340\000\040\000M\000a\000t\000e\000m\000a\000t\000i\000c\000a\000\040\000I\000n\000l\000i\000n\000e\000:}{section.6.1}% 25
\BOOKMARK [2][-]{subsection.6.1.2}{\376\377\000A\000m\000b\000i\000e\000n\000t\000i\000\040\000M\000a\000t\000e\000m\000a\000t\000i\000c\000i\000\040\000A\000v\000a\000n\000z\000a\000t\000i\000:}{section.6.1}% 26
\BOOKMARK [1][-]{section.6.2}{\376\377\000O\000p\000e\000r\000a\000t\000o\000r\000i\000\040\000e\000\040\000s\000i\000m\000b\000o\000l\000i\000\040\000m\000a\000t\000e\000m\000a\000t\000i\000c\000i}{chapter.6}% 27
\BOOKMARK [2][-]{subsection.6.2.1}{\376\377\000P\000a\000r\000e\000n\000t\000e\000s\000i\000\040\000a\000u\000t\000o\000m\000a\000t\000i\000c\000h\000e}{section.6.2}% 28
\BOOKMARK [2][-]{subsection.6.2.2}{\376\377\000F\000r\000a\000z\000i\000o\000n\000i}{section.6.2}% 29
\BOOKMARK [2][-]{subsection.6.2.3}{\376\377\000A\000p\000i\000c\000i\000\040\000e\000\040\000p\000e\000d\000i\000c\000i}{section.6.2}% 30
\BOOKMARK [2][-]{subsection.6.2.4}{\376\377\000R\000a\000d\000i\000c\000a\000l\000i}{section.6.2}% 31
\BOOKMARK [2][-]{subsection.6.2.5}{\376\377\000E\000s\000p\000o\000n\000e\000n\000z\000i\000a\000l\000i}{section.6.2}% 32
\BOOKMARK [2][-]{subsection.6.2.6}{\376\377\000F\000u\000n\000z\000i\000o\000n\000i\000\040\000t\000r\000i\000g\000o\000n\000o\000m\000e\000t\000r\000i\000c\000h\000e}{section.6.2}% 33
\BOOKMARK [2][-]{subsection.6.2.7}{\376\377\000S\000o\000m\000m\000a\000t\000o\000r\000i\000e}{section.6.2}% 34
\BOOKMARK [2][-]{subsection.6.2.8}{\376\377\000I\000n\000t\000e\000g\000r\000a\000l\000i}{section.6.2}% 35
\BOOKMARK [2][-]{subsection.6.2.9}{\376\377\000I\000\040\000L\000i\000m\000i\000t\000i}{section.6.2}% 36
\BOOKMARK [2][-]{subsection.6.2.10}{\376\377\000L\000e\000\040\000l\000e\000t\000t\000e\000r\000e\000\040\000g\000r\000e\000c\000h\000e}{section.6.2}% 37
\BOOKMARK [1][-]{section.6.3}{\376\377\000I\000\040\000S\000i\000s\000t\000e\000m\000i}{chapter.6}% 38
\BOOKMARK [1][-]{section.6.4}{\376\377\000L\000e\000\040\000M\000a\000t\000r\000i\000c\000i}{chapter.6}% 39
\BOOKMARK [1][-]{section.6.5}{\376\377\000L\000e\000\040\000T\000a\000b\000e\000l\000l\000e}{chapter.6}% 40
